2018-06-25 18:41:45,203  INFO ShopApplication:15 - OK
2018-06-25 18:41:45,783  INFO ShopApplication:48 - Starting ShopApplication on SKY-20180512VUM with PID 7908 (F:\Program\Intellij_Project\ShopProject_Master\target\classes started by Administrator in F:\Program\Intellij_Project\ShopProject_Master)
2018-06-25 18:41:45,783  INFO ShopApplication:593 - No active profile set, falling back to default profiles: default
2018-06-25 18:41:46,011  INFO Version:30 - HV000001: Hibernate Validator 5.3.6.Final
2018-06-25 18:41:46,065  INFO AnnotationConfigEmbeddedWebApplicationContext:583 - Refreshing org.springframework.boot.context.embedded.AnnotationConfigEmbeddedWebApplicationContext@4310d43: startup date [Mon Jun 25 18:41:46 CST 2018]; root of context hierarchy
2018-06-25 18:41:46,613  INFO DefaultListableBeanFactory:828 - Overriding bean definition for bean 'corsFilter' with a different definition: replacing [Generic bean: class [com.shop.config.CorsFilter]; scope=singleton; abstract=false; lazyInit=false; autowireMode=0; dependencyCheck=0; autowireCandidate=true; primary=false; factoryBeanName=null; factoryMethodName=null; initMethodName=null; destroyMethodName=null; defined in file [F:\Program\Intellij_Project\ShopProject_Master\target\classes\com\shop\config\CorsFilter.class]] with [Root bean: class [null]; scope=; abstract=false; lazyInit=false; autowireMode=3; dependencyCheck=0; autowireCandidate=true; primary=false; factoryBeanName=corsConfig; factoryMethodName=corsFilter; initMethodName=null; destroyMethodName=(inferred); defined in class path resource [com/shop/config/CorsConfig.class]]
2018-06-25 18:41:47,579  INFO TomcatEmbeddedServletContainer:89 - Tomcat initialized with port(s): 8080 (http)
2018-06-25 18:41:47,724  INFO ContextLoader:276 - Root WebApplicationContext: initialization completed in 1700 ms
2018-06-25 18:41:47,897  INFO ServletRegistrationBean:190 - Mapping servlet: 'dispatcherServlet' to [/]
2018-06-25 18:41:47,902  INFO FilterRegistrationBean:258 - Mapping filter: 'characterEncodingFilter' to: [/*]
2018-06-25 18:41:47,903  INFO FilterRegistrationBean:258 - Mapping filter: 'hiddenHttpMethodFilter' to: [/*]
2018-06-25 18:41:47,903  INFO FilterRegistrationBean:258 - Mapping filter: 'httpPutFormContentFilter' to: [/*]
2018-06-25 18:41:47,903  INFO FilterRegistrationBean:258 - Mapping filter: 'requestContextFilter' to: [/*]
2018-06-25 18:41:47,903  INFO FilterRegistrationBean:258 - Mapping filter: 'corsFilter' to: [/*]
2018-06-25 18:41:48,521  INFO RequestMappingHandlerAdapter:534 - Looking for @ControllerAdvice: org.springframework.boot.context.embedded.AnnotationConfigEmbeddedWebApplicationContext@4310d43: startup date [Mon Jun 25 18:41:46 CST 2018]; root of context hierarchy
2018-06-25 18:41:48,582  INFO RequestMappingHandlerMapping:543 - Mapped "{[/cart/addCart],methods=[POST],produces=[application/json;charset=UTF-8]}" onto public com.shop.domain.BaseResp<java.lang.Integer> com.shop.controller.CartController.addCartGoods(com.shop.domain.cart.AddCartReq)
2018-06-25 18:41:48,584  INFO RequestMappingHandlerMapping:543 - Mapped "{[/cart/deleteCart],methods=[POST],produces=[application/json;charset=UTF-8]}" onto public com.shop.domain.BaseResp com.shop.controller.CartController.deleteCartGoods(com.shop.domain.cart.DeleteCartReq)
2018-06-25 18:41:48,584  INFO RequestMappingHandlerMapping:543 - Mapped "{[/cart/getCart],methods=[POST],produces=[application/json;charset=UTF-8]}" onto public com.shop.domain.cart.CartResp com.shop.controller.CartController.getCartGoods()
2018-06-25 18:41:48,585  INFO RequestMappingHandlerMapping:543 - Mapped "{[/cart/submitCart],methods=[POST],produces=[application/json;charset=UTF-8]}" onto public com.shop.domain.BaseResp<java.lang.Integer> com.shop.controller.CartController.submitCart(com.shop.domain.cart.SubmitCartReq)
2018-06-25 18:41:48,586  INFO RequestMappingHandlerMapping:543 - Mapped "{[/cate/getCateGorys],methods=[POST],produces=[application/json;charset=UTF-8]}" onto public com.shop.domain.category.GateGorysResp com.shop.controller.CateGoryController.getCatesGory(com.shop.domain.category.GetCateCoryReq)
2018-06-25 18:41:48,586  INFO RequestMappingHandlerMapping:543 - Mapped "{[/cate/getCateGoryp],methods=[POST],produces=[application/json;charset=UTF-8]}" onto public com.shop.domain.BaseResp<java.util.List<com.shop.model.category.CateGoryp>> com.shop.controller.CateGoryController.getCatepGory()
2018-06-25 18:41:48,588  INFO RequestMappingHandlerMapping:543 - Mapped "{[/goods/getGoodsInfo],methods=[POST],produces=[application/json;charset=UTF-8]}" onto public com.shop.domain.BaseResp<java.util.List<com.shop.model.goods.GoodsInfo>> com.shop.controller.GoodsController.getGoodsInfo(com.shop.domain.goods.GetGoodsInfoReq)
2018-06-25 18:41:48,588  INFO RequestMappingHandlerMapping:543 - Mapped "{[/goods/getGoodsKeyWord],methods=[POST],produces=[application/json;charset=UTF-8]}" onto public com.shop.domain.BaseResp<java.util.List<com.shop.model.goods.GoodsInfo>> com.shop.controller.GoodsController.getGoodsKeyWord(com.shop.domain.goods.GetGoodsKeyWordReq)
2018-06-25 18:41:48,589  INFO RequestMappingHandlerMapping:543 - Mapped "{[/goods/getGoodsDetail],methods=[POST],produces=[application/json;charset=UTF-8]}" onto public com.shop.domain.BaseResp<com.shop.model.goods.GoodsInfo> com.shop.controller.GoodsController.getGoodsDetail(com.shop.domain.goods.GetGoodsDetailReq)
2018-06-25 18:41:48,590  INFO RequestMappingHandlerMapping:543 - Mapped "{[/message/getMessage],methods=[POST || GET],produces=[application/json;charset=UTF-8]}" onto public com.shop.model.msg.MsgInfoResp com.shop.controller.MsgController.getMessage(com.shop.domain.msg.GetMsgReq)
2018-06-25 18:41:48,590  INFO RequestMappingHandlerMapping:543 - Mapped "{[/message/updateMessage],methods=[POST],produces=[application/json;charset=UTF-8]}" onto public com.shop.domain.BaseResp com.shop.controller.MsgController.updateMessage(com.shop.domain.msg.UpdateMsgReq)
2018-06-25 18:41:48,591  INFO RequestMappingHandlerMapping:543 - Mapped "{[/message/deleteMessage],methods=[POST],produces=[application/json;charset=UTF-8]}" onto public com.shop.domain.BaseResp com.shop.controller.MsgController.deleteMessage(com.shop.domain.domain.msg.DeleteMsgReq)
2018-06-25 18:41:48,595  INFO RequestMappingHandlerMapping:543 - Mapped "{[/order/getOrderById],methods=[GET || POST],produces=[application/json;charset=UTF-8]}" onto public com.shop.domain.BaseResp<com.shop.model.order.Orders> com.shop.controller.OrderController.getOrder(com.shop.domain.order.OrderByIdReq)
2018-06-25 18:41:48,596  INFO RequestMappingHandlerMapping:543 - Mapped "{[/order/submitOrder],methods=[GET || POST],produces=[application/json;charset=UTF-8]}" onto public com.shop.domain.BaseResp com.shop.controller.OrderController.submitOrder(com.shop.domain.order.SubmitOrderReq)
2018-06-25 18:41:48,596  INFO RequestMappingHandlerMapping:543 - Mapped "{[/order/getOrderList],methods=[GET || POST],produces=[application/json;charset=UTF-8]}" onto public com.shop.model.order.OrderResp com.shop.controller.OrderController.getOrderList(com.shop.domain.order.GetAllOrderReq)
2018-06-25 18:41:48,596  INFO RequestMappingHandlerMapping:543 - Mapped "{[/order/confirmOrder],methods=[GET || POST],produces=[application/json;charset=UTF-8]}" onto public com.shop.domain.BaseResp com.shop.controller.OrderController.confirmOrder(com.shop.domain.order.ConfrimOrderReq)
2018-06-25 18:41:48,597  INFO RequestMappingHandlerMapping:543 - Mapped "{[/order/payOrder],methods=[GET || POST],produces=[application/json;charset=UTF-8]}" onto public com.shop.domain.BaseResp com.shop.controller.OrderController.payOrder(com.shop.domain.order.PayOrderReq)
2018-06-25 18:41:48,597  INFO RequestMappingHandlerMapping:543 - Mapped "{[/order/cancelOrder],methods=[GET || POST],produces=[application/json;charset=UTF-8]}" onto public com.shop.domain.BaseResp com.shop.controller.OrderController.cancelOrder(com.shop.domain.order.CancelOrderReq)
2018-06-25 18:41:48,598  INFO RequestMappingHandlerMapping:543 - Mapped "{[/pay/getPaySign],methods=[POST],produces=[application/json;charset=UTF-8]}" onto public com.shop.domain.BaseResp<java.lang.String> com.shop.controller.PayController.getPaySign(com.shop.domain.pay.GetSignReq)
2018-06-25 18:41:48,599  INFO RequestMappingHandlerMapping:543 - Mapped "{[/ship/getShipList],methods=[POST || GET],produces=[application/json;charset=UTF-8]}" onto public com.shop.domain.ship.ShipAddreResp com.shop.controller.ShipController.getShipAddre()
2018-06-25 18:41:48,599  INFO RequestMappingHandlerMapping:543 - Mapped "{[/ship/addShip],methods=[POST || GET],produces=[application/json;charset=UTF-8]}" onto public com.shop.domain.BaseResp com.shop.controller.ShipController.addShipAddre(com.shop.domain.ship.AddShipAddreReq)
2018-06-25 18:41:48,600  INFO RequestMappingHandlerMapping:543 - Mapped "{[/ship/editShip],methods=[POST || GET],produces=[application/json;charset=UTF-8]}" onto public com.shop.domain.BaseResp com.shop.controller.ShipController.updateShip(com.shop.domain.ship.EditShipAddreReq)
2018-06-25 18:41:48,600  INFO RequestMappingHandlerMapping:543 - Mapped "{[/ship/deleteShip],methods=[POST || GET],produces=[application/json;charset=UTF-8]}" onto public com.shop.domain.BaseResp com.shop.controller.ShipController.deleteShip(com.shop.domain.ship.DeleteShipAddreReq)
2018-06-25 18:41:48,601  INFO RequestMappingHandlerMapping:543 - Mapped "{[/common/getUploadToken],methods=[POST],produces=[application/json;charset=UTF-8]}" onto public com.shop.domain.BaseResp<java.lang.String> com.shop.controller.UploadController.uploadData()
2018-06-25 18:41:48,602  INFO RequestMappingHandlerMapping:543 - Mapped "{[/user/regUser],methods=[POST],produces=[application/json;charset=UTF-8]}" onto public com.shop.domain.BaseResp com.shop.controller.UserController.regUser(com.shop.domain.user.RegUserReq)
2018-06-25 18:41:48,602  INFO RequestMappingHandlerMapping:543 - Mapped "{[/user/getUser],methods=[POST],produces=[application/json;charset=UTF-8]}" onto public com.shop.domain.BaseResp<com.shop.model.user.User> com.shop.controller.UserController.getUser(com.shop.domain.user.GetUserReq)
2018-06-25 18:41:48,603  INFO RequestMappingHandlerMapping:543 - Mapped "{[/user/forgetPwd],methods=[POST],produces=[application/json;charset=UTF-8]}" onto public com.shop.domain.BaseResp com.shop.controller.UserController.forgetPwd(com.shop.domain.user.ForgetPwdReq)
2018-06-25 18:41:48,603  INFO RequestMappingHandlerMapping:543 - Mapped "{[/user/resetPwd],methods=[POST],produces=[application/json;charset=UTF-8]}" onto public com.shop.domain.BaseResp com.shop.controller.UserController.resetPwd(com.shop.domain.user.ResetPwdReq)
2018-06-25 18:41:48,604  INFO RequestMappingHandlerMapping:543 - Mapped "{[/user/editUser],methods=[POST],produces=[application/json;charset=UTF-8]}" onto public com.shop.domain.BaseResp<com.shop.model.user.User> com.shop.controller.UserController.editUser(com.shop.domain.user.EditUserReq)
2018-06-25 18:41:48,606  INFO RequestMappingHandlerMapping:543 - Mapped "{[/error]}" onto public org.springframework.http.ResponseEntity<java.util.Map<java.lang.String, java.lang.Object>> org.springframework.boot.autoconfigure.web.BasicErrorController.error(javax.servlet.http.HttpServletRequest)
2018-06-25 18:41:48,606  INFO RequestMappingHandlerMapping:543 - Mapped "{[/error],produces=[text/html]}" onto public org.springframework.web.servlet.ModelAndView org.springframework.boot.autoconfigure.web.BasicErrorController.errorHtml(javax.servlet.http.HttpServletRequest,javax.servlet.http.HttpServletResponse)
2018-06-25 18:41:48,635  INFO SimpleUrlHandlerMapping:362 - Mapped URL path [/webjars/**] onto handler of type [class org.springframework.web.servlet.resource.ResourceHttpRequestHandler]
2018-06-25 18:41:48,636  INFO SimpleUrlHandlerMapping:362 - Mapped URL path [/**] onto handler of type [class org.springframework.web.servlet.resource.ResourceHttpRequestHandler]
2018-06-25 18:41:48,685  INFO SimpleUrlHandlerMapping:362 - Mapped URL path [/**/favicon.ico] onto handler of type [class org.springframework.web.servlet.resource.ResourceHttpRequestHandler]
2018-06-25 18:41:48,714  WARN AbstractTemplateResolverConfiguration:60 - Cannot find template location: classpath:/templates/ (please add some templates or check your Thymeleaf configuration)
2018-06-25 18:41:49,285  INFO AnnotationMBeanExporter:431 - Registering beans for JMX exposure on startup
2018-06-25 18:41:49,372  INFO TomcatEmbeddedServletContainer:201 - Tomcat started on port(s): 8080 (http)
2018-06-25 18:41:49,376  INFO ShopApplication:57 - Started ShopApplication in 3.918 seconds (JVM running for 7.095)
2018-06-25 18:55:06,955  INFO ShopApplication:15 - OK
2018-06-25 18:55:07,235  INFO ShopApplication:48 - Starting ShopApplication on SKY-20180512VUM with PID 8900 (F:\Program\Intellij_Project\ShopProject_Master\target\classes started by Administrator in F:\Program\Intellij_Project\ShopProject_Master)
2018-06-25 18:55:07,235  INFO ShopApplication:593 - No active profile set, falling back to default profiles: default
2018-06-25 18:55:07,405  INFO Version:30 - HV000001: Hibernate Validator 5.3.6.Final
2018-06-25 18:55:07,525  INFO AnnotationConfigEmbeddedWebApplicationContext:583 - Refreshing org.springframework.boot.context.embedded.AnnotationConfigEmbeddedWebApplicationContext@2b40ff9c: startup date [Mon Jun 25 18:55:07 CST 2018]; root of context hierarchy
2018-06-25 18:55:07,933  INFO DefaultListableBeanFactory:828 - Overriding bean definition for bean 'corsFilter' with a different definition: replacing [Generic bean: class [com.shop.config.CorsFilter]; scope=singleton; abstract=false; lazyInit=false; autowireMode=0; dependencyCheck=0; autowireCandidate=true; primary=false; factoryBeanName=null; factoryMethodName=null; initMethodName=null; destroyMethodName=null; defined in file [F:\Program\Intellij_Project\ShopProject_Master\target\classes\com\shop\config\CorsFilter.class]] with [Root bean: class [null]; scope=; abstract=false; lazyInit=false; autowireMode=3; dependencyCheck=0; autowireCandidate=true; primary=false; factoryBeanName=corsConfig; factoryMethodName=corsFilter; initMethodName=null; destroyMethodName=(inferred); defined in class path resource [com/shop/config/CorsConfig.class]]
2018-06-25 18:55:08,659  INFO TomcatEmbeddedServletContainer:89 - Tomcat initialized with port(s): 8080 (http)
2018-06-25 18:55:08,799  INFO ContextLoader:276 - Root WebApplicationContext: initialization completed in 1274 ms
2018-06-25 18:55:08,966  INFO ServletRegistrationBean:190 - Mapping servlet: 'dispatcherServlet' to [/]
2018-06-25 18:55:08,966  INFO FilterRegistrationBean:258 - Mapping filter: 'characterEncodingFilter' to: [/*]
2018-06-25 18:55:08,966  INFO FilterRegistrationBean:258 - Mapping filter: 'hiddenHttpMethodFilter' to: [/*]
2018-06-25 18:55:08,976  INFO FilterRegistrationBean:258 - Mapping filter: 'httpPutFormContentFilter' to: [/*]
2018-06-25 18:55:08,976  INFO FilterRegistrationBean:258 - Mapping filter: 'requestContextFilter' to: [/*]
2018-06-25 18:55:08,976  INFO FilterRegistrationBean:258 - Mapping filter: 'corsFilter' to: [/*]
2018-06-25 18:55:09,726  INFO RequestMappingHandlerAdapter:534 - Looking for @ControllerAdvice: org.springframework.boot.context.embedded.AnnotationConfigEmbeddedWebApplicationContext@2b40ff9c: startup date [Mon Jun 25 18:55:07 CST 2018]; root of context hierarchy
2018-06-25 18:55:09,786  INFO RequestMappingHandlerMapping:543 - Mapped "{[/cart/addCart],methods=[POST],produces=[application/json;charset=UTF-8]}" onto public com.shop.domain.BaseResp<java.lang.Integer> com.shop.controller.CartController.addCartGoods(com.shop.domain.cart.AddCartReq)
2018-06-25 18:55:09,786  INFO RequestMappingHandlerMapping:543 - Mapped "{[/cart/deleteCart],methods=[POST],produces=[application/json;charset=UTF-8]}" onto public com.shop.domain.BaseResp com.shop.controller.CartController.deleteCartGoods(com.shop.domain.cart.DeleteCartReq)
2018-06-25 18:55:09,786  INFO RequestMappingHandlerMapping:543 - Mapped "{[/cart/getCart],methods=[POST],produces=[application/json;charset=UTF-8]}" onto public com.shop.domain.cart.CartResp com.shop.controller.CartController.getCartGoods()
2018-06-25 18:55:09,786  INFO RequestMappingHandlerMapping:543 - Mapped "{[/cart/submitCart],methods=[POST],produces=[application/json;charset=UTF-8]}" onto public com.shop.domain.BaseResp<java.lang.Integer> com.shop.controller.CartController.submitCart(com.shop.domain.cart.SubmitCartReq)
2018-06-25 18:55:09,786  INFO RequestMappingHandlerMapping:543 - Mapped "{[/cate/getCateGorys],methods=[POST],produces=[application/json;charset=UTF-8]}" onto public com.shop.domain.category.GateGorysResp com.shop.controller.CateGoryController.getCatesGory(com.shop.domain.category.GetCateCoryReq)
2018-06-25 18:55:09,786  INFO RequestMappingHandlerMapping:543 - Mapped "{[/cate/getCateGoryp],methods=[POST],produces=[application/json;charset=UTF-8]}" onto public com.shop.domain.BaseResp<java.util.List<com.shop.model.category.CateGoryp>> com.shop.controller.CateGoryController.getCatepGory()
2018-06-25 18:55:09,786  INFO RequestMappingHandlerMapping:543 - Mapped "{[/ftpupload],methods=[POST]}" onto public java.lang.String com.shop.controller.FtpFileUploadController.uploadImg(org.springframework.web.multipart.MultipartFile,javax.servlet.http.HttpServletRequest) throws java.io.IOException
2018-06-25 18:55:09,786  INFO RequestMappingHandlerMapping:543 - Mapped "{[/goods/getGoodsInfo],methods=[POST],produces=[application/json;charset=UTF-8]}" onto public com.shop.domain.BaseResp<java.util.List<com.shop.model.goods.GoodsInfo>> com.shop.controller.GoodsController.getGoodsInfo(com.shop.domain.goods.GetGoodsInfoReq)
2018-06-25 18:55:09,786  INFO RequestMappingHandlerMapping:543 - Mapped "{[/goods/getGoodsKeyWord],methods=[POST],produces=[application/json;charset=UTF-8]}" onto public com.shop.domain.BaseResp<java.util.List<com.shop.model.goods.GoodsInfo>> com.shop.controller.GoodsController.getGoodsKeyWord(com.shop.domain.goods.GetGoodsKeyWordReq)
2018-06-25 18:55:09,786  INFO RequestMappingHandlerMapping:543 - Mapped "{[/goods/getGoodsDetail],methods=[POST],produces=[application/json;charset=UTF-8]}" onto public com.shop.domain.BaseResp<com.shop.model.goods.GoodsInfo> com.shop.controller.GoodsController.getGoodsDetail(com.shop.domain.goods.GetGoodsDetailReq)
2018-06-25 18:55:09,786  INFO RequestMappingHandlerMapping:543 - Mapped "{[/message/getMessage],methods=[POST || GET],produces=[application/json;charset=UTF-8]}" onto public com.shop.model.msg.MsgInfoResp com.shop.controller.MsgController.getMessage(com.shop.domain.msg.GetMsgReq)
2018-06-25 18:55:09,796  INFO RequestMappingHandlerMapping:543 - Mapped "{[/message/updateMessage],methods=[POST],produces=[application/json;charset=UTF-8]}" onto public com.shop.domain.BaseResp com.shop.controller.MsgController.updateMessage(com.shop.domain.msg.UpdateMsgReq)
2018-06-25 18:55:09,796  INFO RequestMappingHandlerMapping:543 - Mapped "{[/message/deleteMessage],methods=[POST],produces=[application/json;charset=UTF-8]}" onto public com.shop.domain.BaseResp com.shop.controller.MsgController.deleteMessage(com.shop.domain.domain.msg.DeleteMsgReq)
2018-06-25 18:55:09,796  INFO RequestMappingHandlerMapping:543 - Mapped "{[/order/getOrderById],methods=[GET || POST],produces=[application/json;charset=UTF-8]}" onto public com.shop.domain.BaseResp<com.shop.model.order.Orders> com.shop.controller.OrderController.getOrder(com.shop.domain.order.OrderByIdReq)
2018-06-25 18:55:09,796  INFO RequestMappingHandlerMapping:543 - Mapped "{[/order/submitOrder],methods=[GET || POST],produces=[application/json;charset=UTF-8]}" onto public com.shop.domain.BaseResp com.shop.controller.OrderController.submitOrder(com.shop.domain.order.SubmitOrderReq)
2018-06-25 18:55:09,796  INFO RequestMappingHandlerMapping:543 - Mapped "{[/order/getOrderList],methods=[GET || POST],produces=[application/json;charset=UTF-8]}" onto public com.shop.model.order.OrderResp com.shop.controller.OrderController.getOrderList(com.shop.domain.order.GetAllOrderReq)
2018-06-25 18:55:09,796  INFO RequestMappingHandlerMapping:543 - Mapped "{[/order/confirmOrder],methods=[GET || POST],produces=[application/json;charset=UTF-8]}" onto public com.shop.domain.BaseResp com.shop.controller.OrderController.confirmOrder(com.shop.domain.order.ConfrimOrderReq)
2018-06-25 18:55:09,796  INFO RequestMappingHandlerMapping:543 - Mapped "{[/order/payOrder],methods=[GET || POST],produces=[application/json;charset=UTF-8]}" onto public com.shop.domain.BaseResp com.shop.controller.OrderController.payOrder(com.shop.domain.order.PayOrderReq)
2018-06-25 18:55:09,796  INFO RequestMappingHandlerMapping:543 - Mapped "{[/order/cancelOrder],methods=[GET || POST],produces=[application/json;charset=UTF-8]}" onto public com.shop.domain.BaseResp com.shop.controller.OrderController.cancelOrder(com.shop.domain.order.CancelOrderReq)
2018-06-25 18:55:09,796  INFO RequestMappingHandlerMapping:543 - Mapped "{[/pay/getPaySign],methods=[POST],produces=[application/json;charset=UTF-8]}" onto public com.shop.domain.BaseResp<java.lang.String> com.shop.controller.PayController.getPaySign(com.shop.domain.pay.GetSignReq)
2018-06-25 18:55:09,796  INFO RequestMappingHandlerMapping:543 - Mapped "{[/ship/getShipList],methods=[POST || GET],produces=[application/json;charset=UTF-8]}" onto public com.shop.domain.ship.ShipAddreResp com.shop.controller.ShipController.getShipAddre()
2018-06-25 18:55:09,796  INFO RequestMappingHandlerMapping:543 - Mapped "{[/ship/addShip],methods=[POST || GET],produces=[application/json;charset=UTF-8]}" onto public com.shop.domain.BaseResp com.shop.controller.ShipController.addShipAddre(com.shop.domain.ship.AddShipAddreReq)
2018-06-25 18:55:09,796  INFO RequestMappingHandlerMapping:543 - Mapped "{[/ship/editShip],methods=[POST || GET],produces=[application/json;charset=UTF-8]}" onto public com.shop.domain.BaseResp com.shop.controller.ShipController.updateShip(com.shop.domain.ship.EditShipAddreReq)
2018-06-25 18:55:09,796  INFO RequestMappingHandlerMapping:543 - Mapped "{[/ship/deleteShip],methods=[POST || GET],produces=[application/json;charset=UTF-8]}" onto public com.shop.domain.BaseResp com.shop.controller.ShipController.deleteShip(com.shop.domain.ship.DeleteShipAddreReq)
2018-06-25 18:55:09,806  INFO RequestMappingHandlerMapping:543 - Mapped "{[/common/getUploadToken],methods=[POST],produces=[application/json;charset=UTF-8]}" onto public com.shop.domain.BaseResp<java.lang.String> com.shop.controller.UploadController.uploadData()
2018-06-25 18:55:09,806  INFO RequestMappingHandlerMapping:543 - Mapped "{[/user/regUser],methods=[POST],produces=[application/json;charset=UTF-8]}" onto public com.shop.domain.BaseResp com.shop.controller.UserController.regUser(com.shop.domain.user.RegUserReq)
2018-06-25 18:55:09,806  INFO RequestMappingHandlerMapping:543 - Mapped "{[/user/getUser],methods=[POST],produces=[application/json;charset=UTF-8]}" onto public com.shop.domain.BaseResp<com.shop.model.user.User> com.shop.controller.UserController.getUser(com.shop.domain.user.GetUserReq)
2018-06-25 18:55:09,806  INFO RequestMappingHandlerMapping:543 - Mapped "{[/user/forgetPwd],methods=[POST],produces=[application/json;charset=UTF-8]}" onto public com.shop.domain.BaseResp com.shop.controller.UserController.forgetPwd(com.shop.domain.user.ForgetPwdReq)
2018-06-25 18:55:09,806  INFO RequestMappingHandlerMapping:543 - Mapped "{[/user/resetPwd],methods=[POST],produces=[application/json;charset=UTF-8]}" onto public com.shop.domain.BaseResp com.shop.controller.UserController.resetPwd(com.shop.domain.user.ResetPwdReq)
2018-06-25 18:55:09,806  INFO RequestMappingHandlerMapping:543 - Mapped "{[/user/editUser],methods=[POST],produces=[application/json;charset=UTF-8]}" onto public com.shop.domain.BaseResp<com.shop.model.user.User> com.shop.controller.UserController.editUser(com.shop.domain.user.EditUserReq)
2018-06-25 18:55:09,806  INFO RequestMappingHandlerMapping:543 - Mapped "{[/error]}" onto public org.springframework.http.ResponseEntity<java.util.Map<java.lang.String, java.lang.Object>> org.springframework.boot.autoconfigure.web.BasicErrorController.error(javax.servlet.http.HttpServletRequest)
2018-06-25 18:55:09,806  INFO RequestMappingHandlerMapping:543 - Mapped "{[/error],produces=[text/html]}" onto public org.springframework.web.servlet.ModelAndView org.springframework.boot.autoconfigure.web.BasicErrorController.errorHtml(javax.servlet.http.HttpServletRequest,javax.servlet.http.HttpServletResponse)
2018-06-25 18:55:09,846  INFO SimpleUrlHandlerMapping:362 - Mapped URL path [/webjars/**] onto handler of type [class org.springframework.web.servlet.resource.ResourceHttpRequestHandler]
2018-06-25 18:55:09,846  INFO SimpleUrlHandlerMapping:362 - Mapped URL path [/**] onto handler of type [class org.springframework.web.servlet.resource.ResourceHttpRequestHandler]
2018-06-25 18:55:09,886  INFO SimpleUrlHandlerMapping:362 - Mapped URL path [/**/favicon.ico] onto handler of type [class org.springframework.web.servlet.resource.ResourceHttpRequestHandler]
2018-06-25 18:55:09,916  WARN AbstractTemplateResolverConfiguration:60 - Cannot find template location: classpath:/templates/ (please add some templates or check your Thymeleaf configuration)
2018-06-25 18:55:10,416  INFO AnnotationMBeanExporter:431 - Registering beans for JMX exposure on startup
2018-06-25 18:55:10,466  INFO TomcatEmbeddedServletContainer:201 - Tomcat started on port(s): 8080 (http)
2018-06-25 18:55:10,466  INFO ShopApplication:57 - Started ShopApplication in 3.401 seconds (JVM running for 4.702)
2018-06-25 18:57:11,087  INFO DispatcherServlet:489 - FrameworkServlet 'dispatcherServlet': initialization started
2018-06-25 18:57:11,120  INFO DispatcherServlet:508 - FrameworkServlet 'dispatcherServlet': initialization completed in 33 ms
2018-06-25 19:09:42,297  INFO ShopApplication:15 - OK
2018-06-25 19:09:42,647  INFO ShopApplication:48 - Starting ShopApplication on SKY-20180512VUM with PID 8524 (F:\Program\Intellij_Project\ShopProject_Master\target\classes started by Administrator in F:\Program\Intellij_Project\ShopProject_Master)
2018-06-25 19:09:42,647  INFO ShopApplication:593 - No active profile set, falling back to default profiles: default
2018-06-25 19:09:42,882  INFO AnnotationConfigEmbeddedWebApplicationContext:583 - Refreshing org.springframework.boot.context.embedded.AnnotationConfigEmbeddedWebApplicationContext@2b40ff9c: startup date [Mon Jun 25 19:09:42 CST 2018]; root of context hierarchy
2018-06-25 19:09:43,215  INFO Version:30 - HV000001: Hibernate Validator 5.3.6.Final
2018-06-25 19:09:43,483  INFO DefaultListableBeanFactory:828 - Overriding bean definition for bean 'corsFilter' with a different definition: replacing [Generic bean: class [com.shop.config.CorsFilter]; scope=singleton; abstract=false; lazyInit=false; autowireMode=0; dependencyCheck=0; autowireCandidate=true; primary=false; factoryBeanName=null; factoryMethodName=null; initMethodName=null; destroyMethodName=null; defined in file [F:\Program\Intellij_Project\ShopProject_Master\target\classes\com\shop\config\CorsFilter.class]] with [Root bean: class [null]; scope=; abstract=false; lazyInit=false; autowireMode=3; dependencyCheck=0; autowireCandidate=true; primary=false; factoryBeanName=corsConfig; factoryMethodName=corsFilter; initMethodName=null; destroyMethodName=(inferred); defined in class path resource [com/shop/config/CorsConfig.class]]
2018-06-25 19:09:44,233  INFO TomcatEmbeddedServletContainer:89 - Tomcat initialized with port(s): 8080 (http)
2018-06-25 19:09:44,373  INFO ContextLoader:276 - Root WebApplicationContext: initialization completed in 1491 ms
2018-06-25 19:09:44,533  INFO ServletRegistrationBean:190 - Mapping servlet: 'dispatcherServlet' to [/]
2018-06-25 19:09:44,533  INFO FilterRegistrationBean:258 - Mapping filter: 'characterEncodingFilter' to: [/*]
2018-06-25 19:09:44,533  INFO FilterRegistrationBean:258 - Mapping filter: 'hiddenHttpMethodFilter' to: [/*]
2018-06-25 19:09:44,533  INFO FilterRegistrationBean:258 - Mapping filter: 'httpPutFormContentFilter' to: [/*]
2018-06-25 19:09:44,533  INFO FilterRegistrationBean:258 - Mapping filter: 'requestContextFilter' to: [/*]
2018-06-25 19:09:44,533  INFO FilterRegistrationBean:258 - Mapping filter: 'corsFilter' to: [/*]
2018-06-25 19:09:45,099  INFO RequestMappingHandlerAdapter:534 - Looking for @ControllerAdvice: org.springframework.boot.context.embedded.AnnotationConfigEmbeddedWebApplicationContext@2b40ff9c: startup date [Mon Jun 25 19:09:42 CST 2018]; root of context hierarchy
2018-06-25 19:09:45,149  INFO RequestMappingHandlerMapping:543 - Mapped "{[/cart/addCart],methods=[POST],produces=[application/json;charset=UTF-8]}" onto public com.shop.domain.BaseResp<java.lang.Integer> com.shop.controller.CartController.addCartGoods(com.shop.domain.cart.AddCartReq)
2018-06-25 19:09:45,149  INFO RequestMappingHandlerMapping:543 - Mapped "{[/cart/deleteCart],methods=[POST],produces=[application/json;charset=UTF-8]}" onto public com.shop.domain.BaseResp com.shop.controller.CartController.deleteCartGoods(com.shop.domain.cart.DeleteCartReq)
2018-06-25 19:09:45,149  INFO RequestMappingHandlerMapping:543 - Mapped "{[/cart/getCart],methods=[POST],produces=[application/json;charset=UTF-8]}" onto public com.shop.domain.cart.CartResp com.shop.controller.CartController.getCartGoods()
2018-06-25 19:09:45,149  INFO RequestMappingHandlerMapping:543 - Mapped "{[/cart/submitCart],methods=[POST],produces=[application/json;charset=UTF-8]}" onto public com.shop.domain.BaseResp<java.lang.Integer> com.shop.controller.CartController.submitCart(com.shop.domain.cart.SubmitCartReq)
2018-06-25 19:09:45,149  INFO RequestMappingHandlerMapping:543 - Mapped "{[/cate/getCateGorys],methods=[POST],produces=[application/json;charset=UTF-8]}" onto public com.shop.domain.category.GateGorysResp com.shop.controller.CateGoryController.getCatesGory(com.shop.domain.category.GetCateCoryReq)
2018-06-25 19:09:45,149  INFO RequestMappingHandlerMapping:543 - Mapped "{[/cate/getCateGoryp],methods=[POST],produces=[application/json;charset=UTF-8]}" onto public com.shop.domain.BaseResp<java.util.List<com.shop.model.category.CateGoryp>> com.shop.controller.CateGoryController.getCatepGory()
2018-06-25 19:09:45,149  INFO RequestMappingHandlerMapping:543 - Mapped "{[/ftpupload],methods=[POST]}" onto public com.shop.domain.BaseResp<com.shop.model.ftp.FtpInfo> com.shop.controller.FtpFileUploadController.uploadImg(org.springframework.web.multipart.MultipartFile,javax.servlet.http.HttpServletRequest) throws java.io.IOException
2018-06-25 19:09:45,159  INFO RequestMappingHandlerMapping:543 - Mapped "{[/goods/getGoodsInfo],methods=[POST],produces=[application/json;charset=UTF-8]}" onto public com.shop.domain.BaseResp<java.util.List<com.shop.model.goods.GoodsInfo>> com.shop.controller.GoodsController.getGoodsInfo(com.shop.domain.goods.GetGoodsInfoReq)
2018-06-25 19:09:45,159  INFO RequestMappingHandlerMapping:543 - Mapped "{[/goods/getGoodsKeyWord],methods=[POST],produces=[application/json;charset=UTF-8]}" onto public com.shop.domain.BaseResp<java.util.List<com.shop.model.goods.GoodsInfo>> com.shop.controller.GoodsController.getGoodsKeyWord(com.shop.domain.goods.GetGoodsKeyWordReq)
2018-06-25 19:09:45,159  INFO RequestMappingHandlerMapping:543 - Mapped "{[/goods/getGoodsDetail],methods=[POST],produces=[application/json;charset=UTF-8]}" onto public com.shop.domain.BaseResp<com.shop.model.goods.GoodsInfo> com.shop.controller.GoodsController.getGoodsDetail(com.shop.domain.goods.GetGoodsDetailReq)
2018-06-25 19:09:45,159  INFO RequestMappingHandlerMapping:543 - Mapped "{[/message/getMessage],methods=[POST || GET],produces=[application/json;charset=UTF-8]}" onto public com.shop.model.msg.MsgInfoResp com.shop.controller.MsgController.getMessage(com.shop.domain.msg.GetMsgReq)
2018-06-25 19:09:45,159  INFO RequestMappingHandlerMapping:543 - Mapped "{[/message/updateMessage],methods=[POST],produces=[application/json;charset=UTF-8]}" onto public com.shop.domain.BaseResp com.shop.controller.MsgController.updateMessage(com.shop.domain.msg.UpdateMsgReq)
2018-06-25 19:09:45,159  INFO RequestMappingHandlerMapping:543 - Mapped "{[/message/deleteMessage],methods=[POST],produces=[application/json;charset=UTF-8]}" onto public com.shop.domain.BaseResp com.shop.controller.MsgController.deleteMessage(com.shop.domain.domain.msg.DeleteMsgReq)
2018-06-25 19:09:45,159  INFO RequestMappingHandlerMapping:543 - Mapped "{[/order/getOrderById],methods=[GET || POST],produces=[application/json;charset=UTF-8]}" onto public com.shop.domain.BaseResp<com.shop.model.order.Orders> com.shop.controller.OrderController.getOrder(com.shop.domain.order.OrderByIdReq)
2018-06-25 19:09:45,159  INFO RequestMappingHandlerMapping:543 - Mapped "{[/order/submitOrder],methods=[GET || POST],produces=[application/json;charset=UTF-8]}" onto public com.shop.domain.BaseResp com.shop.controller.OrderController.submitOrder(com.shop.domain.order.SubmitOrderReq)
2018-06-25 19:09:45,159  INFO RequestMappingHandlerMapping:543 - Mapped "{[/order/getOrderList],methods=[GET || POST],produces=[application/json;charset=UTF-8]}" onto public com.shop.model.order.OrderResp com.shop.controller.OrderController.getOrderList(com.shop.domain.order.GetAllOrderReq)
2018-06-25 19:09:45,159  INFO RequestMappingHandlerMapping:543 - Mapped "{[/order/confirmOrder],methods=[GET || POST],produces=[application/json;charset=UTF-8]}" onto public com.shop.domain.BaseResp com.shop.controller.OrderController.confirmOrder(com.shop.domain.order.ConfrimOrderReq)
2018-06-25 19:09:45,159  INFO RequestMappingHandlerMapping:543 - Mapped "{[/order/payOrder],methods=[GET || POST],produces=[application/json;charset=UTF-8]}" onto public com.shop.domain.BaseResp com.shop.controller.OrderController.payOrder(com.shop.domain.order.PayOrderReq)
2018-06-25 19:09:45,159  INFO RequestMappingHandlerMapping:543 - Mapped "{[/order/cancelOrder],methods=[GET || POST],produces=[application/json;charset=UTF-8]}" onto public com.shop.domain.BaseResp com.shop.controller.OrderController.cancelOrder(com.shop.domain.order.CancelOrderReq)
2018-06-25 19:09:45,169  INFO RequestMappingHandlerMapping:543 - Mapped "{[/pay/getPaySign],methods=[POST],produces=[application/json;charset=UTF-8]}" onto public com.shop.domain.BaseResp<java.lang.String> com.shop.controller.PayController.getPaySign(com.shop.domain.pay.GetSignReq)
2018-06-25 19:09:45,169  INFO RequestMappingHandlerMapping:543 - Mapped "{[/ship/getShipList],methods=[POST || GET],produces=[application/json;charset=UTF-8]}" onto public com.shop.domain.ship.ShipAddreResp com.shop.controller.ShipController.getShipAddre()
2018-06-25 19:09:45,169  INFO RequestMappingHandlerMapping:543 - Mapped "{[/ship/addShip],methods=[POST || GET],produces=[application/json;charset=UTF-8]}" onto public com.shop.domain.BaseResp com.shop.controller.ShipController.addShipAddre(com.shop.domain.ship.AddShipAddreReq)
2018-06-25 19:09:45,169  INFO RequestMappingHandlerMapping:543 - Mapped "{[/ship/editShip],methods=[POST || GET],produces=[application/json;charset=UTF-8]}" onto public com.shop.domain.BaseResp com.shop.controller.ShipController.updateShip(com.shop.domain.ship.EditShipAddreReq)
2018-06-25 19:09:45,169  INFO RequestMappingHandlerMapping:543 - Mapped "{[/ship/deleteShip],methods=[POST || GET],produces=[application/json;charset=UTF-8]}" onto public com.shop.domain.BaseResp com.shop.controller.ShipController.deleteShip(com.shop.domain.ship.DeleteShipAddreReq)
2018-06-25 19:09:45,169  INFO RequestMappingHandlerMapping:543 - Mapped "{[/common/getUploadToken],methods=[POST],produces=[application/json;charset=UTF-8]}" onto public com.shop.domain.BaseResp<java.lang.String> com.shop.controller.UploadController.uploadData()
2018-06-25 19:09:45,169  INFO RequestMappingHandlerMapping:543 - Mapped "{[/user/regUser],methods=[POST],produces=[application/json;charset=UTF-8]}" onto public com.shop.domain.BaseResp com.shop.controller.UserController.regUser(com.shop.domain.user.RegUserReq)
2018-06-25 19:09:45,169  INFO RequestMappingHandlerMapping:543 - Mapped "{[/user/getUser],methods=[POST],produces=[application/json;charset=UTF-8]}" onto public com.shop.domain.BaseResp<com.shop.model.user.User> com.shop.controller.UserController.getUser(com.shop.domain.user.GetUserReq)
2018-06-25 19:09:45,169  INFO RequestMappingHandlerMapping:543 - Mapped "{[/user/forgetPwd],methods=[POST],produces=[application/json;charset=UTF-8]}" onto public com.shop.domain.BaseResp com.shop.controller.UserController.forgetPwd(com.shop.domain.user.ForgetPwdReq)
2018-06-25 19:09:45,169  INFO RequestMappingHandlerMapping:543 - Mapped "{[/user/resetPwd],methods=[POST],produces=[application/json;charset=UTF-8]}" onto public com.shop.domain.BaseResp com.shop.controller.UserController.resetPwd(com.shop.domain.user.ResetPwdReq)
2018-06-25 19:09:45,169  INFO RequestMappingHandlerMapping:543 - Mapped "{[/user/editUser],methods=[POST],produces=[application/json;charset=UTF-8]}" onto public com.shop.domain.BaseResp<com.shop.model.user.User> com.shop.controller.UserController.editUser(com.shop.domain.user.EditUserReq)
2018-06-25 19:09:45,169  INFO RequestMappingHandlerMapping:543 - Mapped "{[/error]}" onto public org.springframework.http.ResponseEntity<java.util.Map<java.lang.String, java.lang.Object>> org.springframework.boot.autoconfigure.web.BasicErrorController.error(javax.servlet.http.HttpServletRequest)
2018-06-25 19:09:45,169  INFO RequestMappingHandlerMapping:543 - Mapped "{[/error],produces=[text/html]}" onto public org.springframework.web.servlet.ModelAndView org.springframework.boot.autoconfigure.web.BasicErrorController.errorHtml(javax.servlet.http.HttpServletRequest,javax.servlet.http.HttpServletResponse)
2018-06-25 19:09:45,199  INFO SimpleUrlHandlerMapping:362 - Mapped URL path [/webjars/**] onto handler of type [class org.springframework.web.servlet.resource.ResourceHttpRequestHandler]
2018-06-25 19:09:45,199  INFO SimpleUrlHandlerMapping:362 - Mapped URL path [/**] onto handler of type [class org.springframework.web.servlet.resource.ResourceHttpRequestHandler]
2018-06-25 19:09:45,239  INFO SimpleUrlHandlerMapping:362 - Mapped URL path [/**/favicon.ico] onto handler of type [class org.springframework.web.servlet.resource.ResourceHttpRequestHandler]
2018-06-25 19:09:45,269  WARN AbstractTemplateResolverConfiguration:60 - Cannot find template location: classpath:/templates/ (please add some templates or check your Thymeleaf configuration)
2018-06-25 19:09:45,801  INFO AnnotationMBeanExporter:431 - Registering beans for JMX exposure on startup
2018-06-25 19:09:45,851  INFO TomcatEmbeddedServletContainer:201 - Tomcat started on port(s): 8080 (http)
2018-06-25 19:09:45,861  INFO ShopApplication:57 - Started ShopApplication in 3.434 seconds (JVM running for 4.175)
2018-06-25 19:15:42,683  INFO DispatcherServlet:489 - FrameworkServlet 'dispatcherServlet': initialization started
2018-06-25 19:15:42,703  INFO DispatcherServlet:508 - FrameworkServlet 'dispatcherServlet': initialization completed in 20 ms
2018-06-25 19:19:17,444  INFO ShopApplication:15 - OK
2018-06-25 19:19:17,881  INFO ShopApplication:48 - Starting ShopApplication on SKY-20180512VUM with PID 8624 (F:\Program\Intellij_Project\ShopProject_Master\target\classes started by Administrator in F:\Program\Intellij_Project\ShopProject_Master)
2018-06-25 19:19:17,881  INFO ShopApplication:593 - No active profile set, falling back to default profiles: default
2018-06-25 19:19:18,188  INFO Version:30 - HV000001: Hibernate Validator 5.3.6.Final
2018-06-25 19:19:18,198  INFO AnnotationConfigEmbeddedWebApplicationContext:583 - Refreshing org.springframework.boot.context.embedded.AnnotationConfigEmbeddedWebApplicationContext@2b40ff9c: startup date [Mon Jun 25 19:19:18 CST 2018]; root of context hierarchy
2018-06-25 19:19:18,632  INFO DefaultListableBeanFactory:828 - Overriding bean definition for bean 'corsFilter' with a different definition: replacing [Generic bean: class [com.shop.config.CorsFilter]; scope=singleton; abstract=false; lazyInit=false; autowireMode=0; dependencyCheck=0; autowireCandidate=true; primary=false; factoryBeanName=null; factoryMethodName=null; initMethodName=null; destroyMethodName=null; defined in file [F:\Program\Intellij_Project\ShopProject_Master\target\classes\com\shop\config\CorsFilter.class]] with [Root bean: class [null]; scope=; abstract=false; lazyInit=false; autowireMode=3; dependencyCheck=0; autowireCandidate=true; primary=false; factoryBeanName=corsConfig; factoryMethodName=corsFilter; initMethodName=null; destroyMethodName=(inferred); defined in class path resource [com/shop/config/CorsConfig.class]]
2018-06-25 19:19:19,403  INFO TomcatEmbeddedServletContainer:89 - Tomcat initialized with port(s): 8080 (http)
2018-06-25 19:19:19,543  INFO ContextLoader:276 - Root WebApplicationContext: initialization completed in 1345 ms
2018-06-25 19:19:19,708  INFO ServletRegistrationBean:190 - Mapping servlet: 'dispatcherServlet' to [/]
2018-06-25 19:19:19,708  INFO FilterRegistrationBean:258 - Mapping filter: 'characterEncodingFilter' to: [/*]
2018-06-25 19:19:19,708  INFO FilterRegistrationBean:258 - Mapping filter: 'hiddenHttpMethodFilter' to: [/*]
2018-06-25 19:19:19,708  INFO FilterRegistrationBean:258 - Mapping filter: 'httpPutFormContentFilter' to: [/*]
2018-06-25 19:19:19,708  INFO FilterRegistrationBean:258 - Mapping filter: 'requestContextFilter' to: [/*]
2018-06-25 19:19:19,708  INFO FilterRegistrationBean:258 - Mapping filter: 'corsFilter' to: [/*]
2018-06-25 19:19:20,282  INFO RequestMappingHandlerAdapter:534 - Looking for @ControllerAdvice: org.springframework.boot.context.embedded.AnnotationConfigEmbeddedWebApplicationContext@2b40ff9c: startup date [Mon Jun 25 19:19:18 CST 2018]; root of context hierarchy
2018-06-25 19:19:20,332  INFO RequestMappingHandlerMapping:543 - Mapped "{[/cart/addCart],methods=[POST],produces=[application/json;charset=UTF-8]}" onto public com.shop.domain.BaseResp<java.lang.Integer> com.shop.controller.CartController.addCartGoods(com.shop.domain.cart.AddCartReq)
2018-06-25 19:19:20,332  INFO RequestMappingHandlerMapping:543 - Mapped "{[/cart/deleteCart],methods=[POST],produces=[application/json;charset=UTF-8]}" onto public com.shop.domain.BaseResp com.shop.controller.CartController.deleteCartGoods(com.shop.domain.cart.DeleteCartReq)
2018-06-25 19:19:20,332  INFO RequestMappingHandlerMapping:543 - Mapped "{[/cart/getCart],methods=[POST],produces=[application/json;charset=UTF-8]}" onto public com.shop.domain.cart.CartResp com.shop.controller.CartController.getCartGoods()
2018-06-25 19:19:20,332  INFO RequestMappingHandlerMapping:543 - Mapped "{[/cart/submitCart],methods=[POST],produces=[application/json;charset=UTF-8]}" onto public com.shop.domain.BaseResp<java.lang.Integer> com.shop.controller.CartController.submitCart(com.shop.domain.cart.SubmitCartReq)
2018-06-25 19:19:20,332  INFO RequestMappingHandlerMapping:543 - Mapped "{[/cate/getCateGorys],methods=[POST],produces=[application/json;charset=UTF-8]}" onto public com.shop.domain.category.GateGorysResp com.shop.controller.CateGoryController.getCatesGory(com.shop.domain.category.GetCateCoryReq)
2018-06-25 19:19:20,332  INFO RequestMappingHandlerMapping:543 - Mapped "{[/cate/getCateGoryp],methods=[POST],produces=[application/json;charset=UTF-8]}" onto public com.shop.domain.BaseResp<java.util.List<com.shop.model.category.CateGoryp>> com.shop.controller.CateGoryController.getCatepGory()
2018-06-25 19:19:20,332  INFO RequestMappingHandlerMapping:543 - Mapped "{[/ftpupload],methods=[POST]}" onto public com.shop.domain.BaseResp<com.shop.model.ftp.FtpInfo> com.shop.controller.FtpFileUploadController.uploadImg(org.springframework.web.multipart.MultipartFile,javax.servlet.http.HttpServletRequest) throws java.io.IOException
2018-06-25 19:19:20,332  INFO RequestMappingHandlerMapping:543 - Mapped "{[/goods/getGoodsInfo],methods=[POST],produces=[application/json;charset=UTF-8]}" onto public com.shop.domain.BaseResp<java.util.List<com.shop.model.goods.GoodsInfo>> com.shop.controller.GoodsController.getGoodsInfo(com.shop.domain.goods.GetGoodsInfoReq)
2018-06-25 19:19:20,332  INFO RequestMappingHandlerMapping:543 - Mapped "{[/goods/getGoodsKeyWord],methods=[POST],produces=[application/json;charset=UTF-8]}" onto public com.shop.domain.BaseResp<java.util.List<com.shop.model.goods.GoodsInfo>> com.shop.controller.GoodsController.getGoodsKeyWord(com.shop.domain.goods.GetGoodsKeyWordReq)
2018-06-25 19:19:20,342  INFO RequestMappingHandlerMapping:543 - Mapped "{[/goods/getGoodsDetail],methods=[POST],produces=[application/json;charset=UTF-8]}" onto public com.shop.domain.BaseResp<com.shop.model.goods.GoodsInfo> com.shop.controller.GoodsController.getGoodsDetail(com.shop.domain.goods.GetGoodsDetailReq)
2018-06-25 19:19:20,342  INFO RequestMappingHandlerMapping:543 - Mapped "{[/message/getMessage],methods=[POST || GET],produces=[application/json;charset=UTF-8]}" onto public com.shop.model.msg.MsgInfoResp com.shop.controller.MsgController.getMessage(com.shop.domain.msg.GetMsgReq)
2018-06-25 19:19:20,342  INFO RequestMappingHandlerMapping:543 - Mapped "{[/message/updateMessage],methods=[POST],produces=[application/json;charset=UTF-8]}" onto public com.shop.domain.BaseResp com.shop.controller.MsgController.updateMessage(com.shop.domain.msg.UpdateMsgReq)
2018-06-25 19:19:20,342  INFO RequestMappingHandlerMapping:543 - Mapped "{[/message/deleteMessage],methods=[POST],produces=[application/json;charset=UTF-8]}" onto public com.shop.domain.BaseResp com.shop.controller.MsgController.deleteMessage(com.shop.domain.domain.msg.DeleteMsgReq)
2018-06-25 19:19:20,342  INFO RequestMappingHandlerMapping:543 - Mapped "{[/order/getOrderById],methods=[GET || POST],produces=[application/json;charset=UTF-8]}" onto public com.shop.domain.BaseResp<com.shop.model.order.Orders> com.shop.controller.OrderController.getOrder(com.shop.domain.order.OrderByIdReq)
2018-06-25 19:19:20,342  INFO RequestMappingHandlerMapping:543 - Mapped "{[/order/payOrder],methods=[GET || POST],produces=[application/json;charset=UTF-8]}" onto public com.shop.domain.BaseResp com.shop.controller.OrderController.payOrder(com.shop.domain.order.PayOrderReq)
2018-06-25 19:19:20,342  INFO RequestMappingHandlerMapping:543 - Mapped "{[/order/cancelOrder],methods=[GET || POST],produces=[application/json;charset=UTF-8]}" onto public com.shop.domain.BaseResp com.shop.controller.OrderController.cancelOrder(com.shop.domain.order.CancelOrderReq)
2018-06-25 19:19:20,342  INFO RequestMappingHandlerMapping:543 - Mapped "{[/order/submitOrder],methods=[GET || POST],produces=[application/json;charset=UTF-8]}" onto public com.shop.domain.BaseResp com.shop.controller.OrderController.submitOrder(com.shop.domain.order.SubmitOrderReq)
2018-06-25 19:19:20,342  INFO RequestMappingHandlerMapping:543 - Mapped "{[/order/getOrderList],methods=[GET || POST],produces=[application/json;charset=UTF-8]}" onto public com.shop.model.order.OrderResp com.shop.controller.OrderController.getOrderList(com.shop.domain.order.GetAllOrderReq)
2018-06-25 19:19:20,342  INFO RequestMappingHandlerMapping:543 - Mapped "{[/order/confirmOrder],methods=[GET || POST],produces=[application/json;charset=UTF-8]}" onto public com.shop.domain.BaseResp com.shop.controller.OrderController.confirmOrder(com.shop.domain.order.ConfrimOrderReq)
2018-06-25 19:19:20,342  INFO RequestMappingHandlerMapping:543 - Mapped "{[/pay/getPaySign],methods=[POST],produces=[application/json;charset=UTF-8]}" onto public com.shop.domain.BaseResp<java.lang.String> com.shop.controller.PayController.getPaySign(com.shop.domain.pay.GetSignReq)
2018-06-25 19:19:20,352  INFO RequestMappingHandlerMapping:543 - Mapped "{[/ship/getShipList],methods=[POST || GET],produces=[application/json;charset=UTF-8]}" onto public com.shop.domain.ship.ShipAddreResp com.shop.controller.ShipController.getShipAddre()
2018-06-25 19:19:20,352  INFO RequestMappingHandlerMapping:543 - Mapped "{[/ship/addShip],methods=[POST || GET],produces=[application/json;charset=UTF-8]}" onto public com.shop.domain.BaseResp com.shop.controller.ShipController.addShipAddre(com.shop.domain.ship.AddShipAddreReq)
2018-06-25 19:19:20,352  INFO RequestMappingHandlerMapping:543 - Mapped "{[/ship/editShip],methods=[POST || GET],produces=[application/json;charset=UTF-8]}" onto public com.shop.domain.BaseResp com.shop.controller.ShipController.updateShip(com.shop.domain.ship.EditShipAddreReq)
2018-06-25 19:19:20,352  INFO RequestMappingHandlerMapping:543 - Mapped "{[/ship/deleteShip],methods=[POST || GET],produces=[application/json;charset=UTF-8]}" onto public com.shop.domain.BaseResp com.shop.controller.ShipController.deleteShip(com.shop.domain.ship.DeleteShipAddreReq)
2018-06-25 19:19:20,352  INFO RequestMappingHandlerMapping:543 - Mapped "{[/common/getUploadToken],methods=[POST],produces=[application/json;charset=UTF-8]}" onto public com.shop.domain.BaseResp<java.lang.String> com.shop.controller.UploadController.uploadData()
2018-06-25 19:19:20,352  INFO RequestMappingHandlerMapping:543 - Mapped "{[/user/regUser],methods=[POST],produces=[application/json;charset=UTF-8]}" onto public com.shop.domain.BaseResp com.shop.controller.UserController.regUser(com.shop.domain.user.RegUserReq)
2018-06-25 19:19:20,352  INFO RequestMappingHandlerMapping:543 - Mapped "{[/user/getUser],methods=[POST],produces=[application/json;charset=UTF-8]}" onto public com.shop.domain.BaseResp<com.shop.model.user.User> com.shop.controller.UserController.getUser(com.shop.domain.user.GetUserReq)
2018-06-25 19:19:20,352  INFO RequestMappingHandlerMapping:543 - Mapped "{[/user/forgetPwd],methods=[POST],produces=[application/json;charset=UTF-8]}" onto public com.shop.domain.BaseResp com.shop.controller.UserController.forgetPwd(com.shop.domain.user.ForgetPwdReq)
2018-06-25 19:19:20,352  INFO RequestMappingHandlerMapping:543 - Mapped "{[/user/resetPwd],methods=[POST],produces=[application/json;charset=UTF-8]}" onto public com.shop.domain.BaseResp com.shop.controller.UserController.resetPwd(com.shop.domain.user.ResetPwdReq)
2018-06-25 19:19:20,352  INFO RequestMappingHandlerMapping:543 - Mapped "{[/user/editUser],methods=[POST],produces=[application/json;charset=UTF-8]}" onto public com.shop.domain.BaseResp<com.shop.model.user.User> com.shop.controller.UserController.editUser(com.shop.domain.user.EditUserReq)
2018-06-25 19:19:20,352  INFO RequestMappingHandlerMapping:543 - Mapped "{[/error]}" onto public org.springframework.http.ResponseEntity<java.util.Map<java.lang.String, java.lang.Object>> org.springframework.boot.autoconfigure.web.BasicErrorController.error(javax.servlet.http.HttpServletRequest)
2018-06-25 19:19:20,352  INFO RequestMappingHandlerMapping:543 - Mapped "{[/error],produces=[text/html]}" onto public org.springframework.web.servlet.ModelAndView org.springframework.boot.autoconfigure.web.BasicErrorController.errorHtml(javax.servlet.http.HttpServletRequest,javax.servlet.http.HttpServletResponse)
2018-06-25 19:19:20,382  INFO SimpleUrlHandlerMapping:362 - Mapped URL path [/webjars/**] onto handler of type [class org.springframework.web.servlet.resource.ResourceHttpRequestHandler]
2018-06-25 19:19:20,382  INFO SimpleUrlHandlerMapping:362 - Mapped URL path [/**] onto handler of type [class org.springframework.web.servlet.resource.ResourceHttpRequestHandler]
2018-06-25 19:19:20,422  INFO SimpleUrlHandlerMapping:362 - Mapped URL path [/**/favicon.ico] onto handler of type [class org.springframework.web.servlet.resource.ResourceHttpRequestHandler]
2018-06-25 19:19:20,452  WARN AbstractTemplateResolverConfiguration:60 - Cannot find template location: classpath:/templates/ (please add some templates or check your Thymeleaf configuration)
2018-06-25 19:19:21,009  INFO AnnotationMBeanExporter:431 - Registering beans for JMX exposure on startup
2018-06-25 19:19:21,050  INFO TomcatEmbeddedServletContainer:201 - Tomcat started on port(s): 8080 (http)
2018-06-25 19:19:21,060  INFO ShopApplication:57 - Started ShopApplication in 3.47 seconds (JVM running for 4.245)
2018-06-25 19:19:34,904  INFO DispatcherServlet:489 - FrameworkServlet 'dispatcherServlet': initialization started
2018-06-25 19:19:34,924  INFO DispatcherServlet:508 - FrameworkServlet 'dispatcherServlet': initialization completed in 20 ms
2018-06-25 19:34:55,423  INFO ShopApplication:15 - OK
2018-06-25 19:34:55,819  INFO Version:30 - HV000001: Hibernate Validator 5.3.6.Final
2018-06-25 19:34:55,879  INFO ShopApplication:48 - Starting ShopApplication on SKY-20180512VUM with PID 5660 (F:\Program\Intellij_Project\ShopProject_Master\target\classes started by Administrator in F:\Program\Intellij_Project\ShopProject_Master)
2018-06-25 19:34:55,889  INFO ShopApplication:593 - No active profile set, falling back to default profiles: default
2018-06-25 19:34:56,090  INFO AnnotationConfigApplicationContext:583 - Refreshing org.springframework.context.annotation.AnnotationConfigApplicationContext@7a35b0f5: startup date [Mon Jun 25 19:34:56 CST 2018]; root of context hierarchy
2018-06-25 19:34:56,481  INFO DefaultListableBeanFactory:828 - Overriding bean definition for bean 'corsFilter' with a different definition: replacing [Generic bean: class [com.shop.config.CorsFilter]; scope=singleton; abstract=false; lazyInit=false; autowireMode=0; dependencyCheck=0; autowireCandidate=true; primary=false; factoryBeanName=null; factoryMethodName=null; initMethodName=null; destroyMethodName=null; defined in file [F:\Program\Intellij_Project\ShopProject_Master\target\classes\com\shop\config\CorsFilter.class]] with [Root bean: class [null]; scope=; abstract=false; lazyInit=false; autowireMode=3; dependencyCheck=0; autowireCandidate=true; primary=false; factoryBeanName=corsConfig; factoryMethodName=corsFilter; initMethodName=null; destroyMethodName=(inferred); defined in class path resource [com/shop/config/CorsConfig.class]]
2018-06-25 19:34:56,521 ERROR SpringApplication:771 - Application startup failed
java.lang.NoClassDefFoundError: javax/servlet/Filter
	at java.lang.ClassLoader.defineClass1(Native Method)
	at java.lang.ClassLoader.defineClass(ClassLoader.java:760)
	at java.security.SecureClassLoader.defineClass(SecureClassLoader.java:142)
	at java.net.URLClassLoader.defineClass(URLClassLoader.java:467)
	at java.net.URLClassLoader.access$100(URLClassLoader.java:73)
	at java.net.URLClassLoader$1.run(URLClassLoader.java:368)
	at java.net.URLClassLoader$1.run(URLClassLoader.java:362)
	at java.security.AccessController.doPrivileged(Native Method)
	at java.net.URLClassLoader.findClass(URLClassLoader.java:361)
	at java.lang.ClassLoader.loadClass(ClassLoader.java:424)
	at sun.misc.Launcher$AppClassLoader.loadClass(Launcher.java:331)
	at java.lang.ClassLoader.loadClass(ClassLoader.java:357)
	at java.lang.ClassLoader.defineClass1(Native Method)
	at java.lang.ClassLoader.defineClass(ClassLoader.java:760)
	at java.security.SecureClassLoader.defineClass(SecureClassLoader.java:142)
	at java.net.URLClassLoader.defineClass(URLClassLoader.java:467)
	at java.net.URLClassLoader.access$100(URLClassLoader.java:73)
	at java.net.URLClassLoader$1.run(URLClassLoader.java:368)
	at java.net.URLClassLoader$1.run(URLClassLoader.java:362)
	at java.security.AccessController.doPrivileged(Native Method)
	at java.net.URLClassLoader.findClass(URLClassLoader.java:361)
	at java.lang.ClassLoader.loadClass(ClassLoader.java:424)
	at sun.misc.Launcher$AppClassLoader.loadClass(Launcher.java:331)
	at java.lang.ClassLoader.loadClass(ClassLoader.java:357)
	at java.lang.ClassLoader.defineClass1(Native Method)
	at java.lang.ClassLoader.defineClass(ClassLoader.java:760)
	at java.security.SecureClassLoader.defineClass(SecureClassLoader.java:142)
	at java.net.URLClassLoader.defineClass(URLClassLoader.java:467)
	at java.net.URLClassLoader.access$100(URLClassLoader.java:73)
	at java.net.URLClassLoader$1.run(URLClassLoader.java:368)
	at java.net.URLClassLoader$1.run(URLClassLoader.java:362)
	at java.security.AccessController.doPrivileged(Native Method)
	at java.net.URLClassLoader.findClass(URLClassLoader.java:361)
	at java.lang.ClassLoader.loadClass(ClassLoader.java:424)
	at sun.misc.Launcher$AppClassLoader.loadClass(Launcher.java:331)
	at java.lang.ClassLoader.loadClass(ClassLoader.java:357)
	at java.lang.Class.getDeclaredMethods0(Native Method)
	at java.lang.Class.privateGetDeclaredMethods(Class.java:2701)
	at java.lang.Class.getDeclaredMethods(Class.java:1975)
	at org.springframework.util.ReflectionUtils.getDeclaredMethods(ReflectionUtils.java:613)
	at org.springframework.util.ReflectionUtils.doWithMethods(ReflectionUtils.java:524)
	at org.springframework.util.ReflectionUtils.doWithMethods(ReflectionUtils.java:510)
	at org.springframework.util.ReflectionUtils.getUniqueDeclaredMethods(ReflectionUtils.java:570)
	at org.springframework.beans.factory.support.AbstractAutowireCapableBeanFactory.getTypeForFactoryMethod(AbstractAutowireCapableBeanFactory.java:697)
	at org.springframework.beans.factory.support.AbstractAutowireCapableBeanFactory.determineTargetType(AbstractAutowireCapableBeanFactory.java:640)
	at org.springframework.beans.factory.support.AbstractAutowireCapableBeanFactory.predictBeanType(AbstractAutowireCapableBeanFactory.java:609)
	at org.springframework.beans.factory.support.AbstractBeanFactory.isFactoryBean(AbstractBeanFactory.java:1484)
	at org.springframework.beans.factory.support.DefaultListableBeanFactory.doGetBeanNamesForType(DefaultListableBeanFactory.java:425)
	at org.springframework.beans.factory.support.DefaultListableBeanFactory.getBeanNamesForType(DefaultListableBeanFactory.java:395)
	at org.springframework.beans.factory.BeanFactoryUtils.beanNamesForTypeIncludingAncestors(BeanFactoryUtils.java:220)
	at org.springframework.boot.autoconfigure.validation.PrimaryDefaultValidatorPostProcessor.hasPrimarySpringValidator(PrimaryDefaultValidatorPostProcessor.java:83)
	at org.springframework.boot.autoconfigure.validation.PrimaryDefaultValidatorPostProcessor.registerBeanDefinitions(PrimaryDefaultValidatorPostProcessor.java:63)
	at org.springframework.context.annotation.ConfigurationClassBeanDefinitionReader.loadBeanDefinitionsFromRegistrars(ConfigurationClassBeanDefinitionReader.java:359)
	at org.springframework.context.annotation.ConfigurationClassBeanDefinitionReader.loadBeanDefinitionsForConfigurationClass(ConfigurationClassBeanDefinitionReader.java:143)
	at org.springframework.context.annotation.ConfigurationClassBeanDefinitionReader.loadBeanDefinitions(ConfigurationClassBeanDefinitionReader.java:116)
	at org.springframework.context.annotation.ConfigurationClassPostProcessor.processConfigBeanDefinitions(ConfigurationClassPostProcessor.java:320)
	at org.springframework.context.annotation.ConfigurationClassPostProcessor.postProcessBeanDefinitionRegistry(ConfigurationClassPostProcessor.java:228)
	at org.springframework.context.support.PostProcessorRegistrationDelegate.invokeBeanDefinitionRegistryPostProcessors(PostProcessorRegistrationDelegate.java:272)
	at org.springframework.context.support.PostProcessorRegistrationDelegate.invokeBeanFactoryPostProcessors(PostProcessorRegistrationDelegate.java:92)
	at org.springframework.context.support.AbstractApplicationContext.invokeBeanFactoryPostProcessors(AbstractApplicationContext.java:687)
	at org.springframework.context.support.AbstractApplicationContext.refresh(AbstractApplicationContext.java:525)
	at org.springframework.boot.SpringApplication.refresh(SpringApplication.java:693)
	at org.springframework.boot.SpringApplication.refreshContext(SpringApplication.java:360)
	at org.springframework.boot.SpringApplication.run(SpringApplication.java:303)
	at org.springframework.boot.SpringApplication.run(SpringApplication.java:1118)
	at org.springframework.boot.SpringApplication.run(SpringApplication.java:1107)
	at com.shop.ShopApplication.main(ShopApplication.java:16)
Caused by: java.lang.ClassNotFoundException: javax.servlet.Filter
	at java.net.URLClassLoader.findClass(URLClassLoader.java:381)
	at java.lang.ClassLoader.loadClass(ClassLoader.java:424)
	at sun.misc.Launcher$AppClassLoader.loadClass(Launcher.java:331)
	at java.lang.ClassLoader.loadClass(ClassLoader.java:357)
	... 67 more
2018-06-25 19:34:56,541  INFO AnnotationConfigApplicationContext:984 - Closing org.springframework.context.annotation.AnnotationConfigApplicationContext@7a35b0f5: startup date [Mon Jun 25 19:34:56 CST 2018]; root of context hierarchy
2018-06-25 19:35:41,748  INFO ShopApplication:15 - OK
2018-06-25 19:35:42,269  INFO ShopApplication:48 - Starting ShopApplication on SKY-20180512VUM with PID 9540 (F:\Program\Intellij_Project\ShopProject_Master\target\classes started by Administrator in F:\Program\Intellij_Project\ShopProject_Master)
2018-06-25 19:35:42,269  INFO ShopApplication:593 - No active profile set, falling back to default profiles: default
2018-06-25 19:35:42,539  INFO AnnotationConfigEmbeddedWebApplicationContext:583 - Refreshing org.springframework.boot.context.embedded.AnnotationConfigEmbeddedWebApplicationContext@2b40ff9c: startup date [Mon Jun 25 19:35:42 CST 2018]; root of context hierarchy
2018-06-25 19:35:42,679  INFO Version:30 - HV000001: Hibernate Validator 5.3.6.Final
2018-06-25 19:35:43,167  INFO DefaultListableBeanFactory:828 - Overriding bean definition for bean 'corsFilter' with a different definition: replacing [Generic bean: class [com.shop.config.CorsFilter]; scope=singleton; abstract=false; lazyInit=false; autowireMode=0; dependencyCheck=0; autowireCandidate=true; primary=false; factoryBeanName=null; factoryMethodName=null; initMethodName=null; destroyMethodName=null; defined in file [F:\Program\Intellij_Project\ShopProject_Master\target\classes\com\shop\config\CorsFilter.class]] with [Root bean: class [null]; scope=; abstract=false; lazyInit=false; autowireMode=3; dependencyCheck=0; autowireCandidate=true; primary=false; factoryBeanName=corsConfig; factoryMethodName=corsFilter; initMethodName=null; destroyMethodName=(inferred); defined in class path resource [com/shop/config/CorsConfig.class]]
2018-06-25 19:35:43,944  INFO TomcatEmbeddedServletContainer:89 - Tomcat initialized with port(s): 8080 (http)
2018-06-25 19:35:44,084  INFO ContextLoader:276 - Root WebApplicationContext: initialization completed in 1545 ms
2018-06-25 19:35:44,534  INFO ServletRegistrationBean:190 - Mapping servlet: 'dispatcherServlet' to [/]
2018-06-25 19:35:44,544  INFO FilterRegistrationBean:258 - Mapping filter: 'characterEncodingFilter' to: [/*]
2018-06-25 19:35:44,544  INFO FilterRegistrationBean:258 - Mapping filter: 'hiddenHttpMethodFilter' to: [/*]
2018-06-25 19:35:44,544  INFO FilterRegistrationBean:258 - Mapping filter: 'httpPutFormContentFilter' to: [/*]
2018-06-25 19:35:44,544  INFO FilterRegistrationBean:258 - Mapping filter: 'requestContextFilter' to: [/*]
2018-06-25 19:35:44,544  INFO FilterRegistrationBean:258 - Mapping filter: 'corsFilter' to: [/*]
2018-06-25 19:35:45,381  INFO RequestMappingHandlerAdapter:534 - Looking for @ControllerAdvice: org.springframework.boot.context.embedded.AnnotationConfigEmbeddedWebApplicationContext@2b40ff9c: startup date [Mon Jun 25 19:35:42 CST 2018]; root of context hierarchy
2018-06-25 19:35:45,441  INFO RequestMappingHandlerMapping:543 - Mapped "{[/cart/addCart],methods=[POST],produces=[application/json;charset=UTF-8]}" onto public com.shop.domain.BaseResp<java.lang.Integer> com.shop.controller.CartController.addCartGoods(com.shop.domain.cart.AddCartReq)
2018-06-25 19:35:45,441  INFO RequestMappingHandlerMapping:543 - Mapped "{[/cart/deleteCart],methods=[POST],produces=[application/json;charset=UTF-8]}" onto public com.shop.domain.BaseResp com.shop.controller.CartController.deleteCartGoods(com.shop.domain.cart.DeleteCartReq)
2018-06-25 19:35:45,441  INFO RequestMappingHandlerMapping:543 - Mapped "{[/cart/getCart],methods=[POST],produces=[application/json;charset=UTF-8]}" onto public com.shop.domain.cart.CartResp com.shop.controller.CartController.getCartGoods()
2018-06-25 19:35:45,441  INFO RequestMappingHandlerMapping:543 - Mapped "{[/cart/submitCart],methods=[POST],produces=[application/json;charset=UTF-8]}" onto public com.shop.domain.BaseResp<java.lang.Integer> com.shop.controller.CartController.submitCart(com.shop.domain.cart.SubmitCartReq)
2018-06-25 19:35:45,441  INFO RequestMappingHandlerMapping:543 - Mapped "{[/cate/getCateGorys],methods=[POST],produces=[application/json;charset=UTF-8]}" onto public com.shop.domain.category.GateGorysResp com.shop.controller.CateGoryController.getCatesGory(com.shop.domain.category.GetCateCoryReq)
2018-06-25 19:35:45,451  INFO RequestMappingHandlerMapping:543 - Mapped "{[/cate/getCateGoryp],methods=[POST],produces=[application/json;charset=UTF-8]}" onto public com.shop.domain.BaseResp<java.util.List<com.shop.model.category.CateGoryp>> com.shop.controller.CateGoryController.getCatepGory()
2018-06-25 19:35:45,451  INFO RequestMappingHandlerMapping:543 - Mapped "{[/ftpupload],methods=[POST]}" onto public com.shop.domain.BaseResp<com.shop.model.ftp.FtpInfo> com.shop.controller.FtpFileUploadController.uploadImg(org.springframework.web.multipart.MultipartFile,javax.servlet.http.HttpServletRequest) throws java.io.IOException
2018-06-25 19:35:45,451  INFO RequestMappingHandlerMapping:543 - Mapped "{[/goods/getGoodsInfo],methods=[POST],produces=[application/json;charset=UTF-8]}" onto public com.shop.domain.BaseResp<java.util.List<com.shop.model.goods.GoodsInfo>> com.shop.controller.GoodsController.getGoodsInfo(com.shop.domain.goods.GetGoodsInfoReq)
2018-06-25 19:35:45,451  INFO RequestMappingHandlerMapping:543 - Mapped "{[/goods/getGoodsKeyWord],methods=[POST],produces=[application/json;charset=UTF-8]}" onto public com.shop.domain.BaseResp<java.util.List<com.shop.model.goods.GoodsInfo>> com.shop.controller.GoodsController.getGoodsKeyWord(com.shop.domain.goods.GetGoodsKeyWordReq)
2018-06-25 19:35:45,451  INFO RequestMappingHandlerMapping:543 - Mapped "{[/goods/getGoodsDetail],methods=[POST],produces=[application/json;charset=UTF-8]}" onto public com.shop.domain.BaseResp<com.shop.model.goods.GoodsInfo> com.shop.controller.GoodsController.getGoodsDetail(com.shop.domain.goods.GetGoodsDetailReq)
2018-06-25 19:35:45,451  INFO RequestMappingHandlerMapping:543 - Mapped "{[/message/getMessage],methods=[POST || GET],produces=[application/json;charset=UTF-8]}" onto public com.shop.model.msg.MsgInfoResp com.shop.controller.MsgController.getMessage(com.shop.domain.msg.GetMsgReq)
2018-06-25 19:35:45,451  INFO RequestMappingHandlerMapping:543 - Mapped "{[/message/updateMessage],methods=[POST],produces=[application/json;charset=UTF-8]}" onto public com.shop.domain.BaseResp com.shop.controller.MsgController.updateMessage(com.shop.domain.msg.UpdateMsgReq)
2018-06-25 19:35:45,451  INFO RequestMappingHandlerMapping:543 - Mapped "{[/message/deleteMessage],methods=[POST],produces=[application/json;charset=UTF-8]}" onto public com.shop.domain.BaseResp com.shop.controller.MsgController.deleteMessage(com.shop.domain.domain.msg.DeleteMsgReq)
2018-06-25 19:35:45,461  INFO RequestMappingHandlerMapping:543 - Mapped "{[/order/getOrderById],methods=[GET || POST],produces=[application/json;charset=UTF-8]}" onto public com.shop.domain.BaseResp<com.shop.model.order.Orders> com.shop.controller.OrderController.getOrder(com.shop.domain.order.OrderByIdReq)
2018-06-25 19:35:45,461  INFO RequestMappingHandlerMapping:543 - Mapped "{[/order/submitOrder],methods=[GET || POST],produces=[application/json;charset=UTF-8]}" onto public com.shop.domain.BaseResp com.shop.controller.OrderController.submitOrder(com.shop.domain.order.SubmitOrderReq)
2018-06-25 19:35:45,461  INFO RequestMappingHandlerMapping:543 - Mapped "{[/order/getOrderList],methods=[GET || POST],produces=[application/json;charset=UTF-8]}" onto public com.shop.model.order.OrderResp com.shop.controller.OrderController.getOrderList(com.shop.domain.order.GetAllOrderReq)
2018-06-25 19:35:45,461  INFO RequestMappingHandlerMapping:543 - Mapped "{[/order/confirmOrder],methods=[GET || POST],produces=[application/json;charset=UTF-8]}" onto public com.shop.domain.BaseResp com.shop.controller.OrderController.confirmOrder(com.shop.domain.order.ConfrimOrderReq)
2018-06-25 19:35:45,461  INFO RequestMappingHandlerMapping:543 - Mapped "{[/order/payOrder],methods=[GET || POST],produces=[application/json;charset=UTF-8]}" onto public com.shop.domain.BaseResp com.shop.controller.OrderController.payOrder(com.shop.domain.order.PayOrderReq)
2018-06-25 19:35:45,461  INFO RequestMappingHandlerMapping:543 - Mapped "{[/order/cancelOrder],methods=[GET || POST],produces=[application/json;charset=UTF-8]}" onto public com.shop.domain.BaseResp com.shop.controller.OrderController.cancelOrder(com.shop.domain.order.CancelOrderReq)
2018-06-25 19:35:45,461  INFO RequestMappingHandlerMapping:543 - Mapped "{[/pay/getPaySign],methods=[POST],produces=[application/json;charset=UTF-8]}" onto public com.shop.domain.BaseResp<java.lang.String> com.shop.controller.PayController.getPaySign(com.shop.domain.pay.GetSignReq)
2018-06-25 19:35:45,461  INFO RequestMappingHandlerMapping:543 - Mapped "{[/ship/getShipList],methods=[POST || GET],produces=[application/json;charset=UTF-8]}" onto public com.shop.domain.ship.ShipAddreResp com.shop.controller.ShipController.getShipAddre()
2018-06-25 19:35:45,461  INFO RequestMappingHandlerMapping:543 - Mapped "{[/ship/addShip],methods=[POST || GET],produces=[application/json;charset=UTF-8]}" onto public com.shop.domain.BaseResp com.shop.controller.ShipController.addShipAddre(com.shop.domain.ship.AddShipAddreReq)
2018-06-25 19:35:45,471  INFO RequestMappingHandlerMapping:543 - Mapped "{[/ship/editShip],methods=[POST || GET],produces=[application/json;charset=UTF-8]}" onto public com.shop.domain.BaseResp com.shop.controller.ShipController.updateShip(com.shop.domain.ship.EditShipAddreReq)
2018-06-25 19:35:45,471  INFO RequestMappingHandlerMapping:543 - Mapped "{[/ship/deleteShip],methods=[POST || GET],produces=[application/json;charset=UTF-8]}" onto public com.shop.domain.BaseResp com.shop.controller.ShipController.deleteShip(com.shop.domain.ship.DeleteShipAddreReq)
2018-06-25 19:35:45,471  INFO RequestMappingHandlerMapping:543 - Mapped "{[/common/getUploadToken],methods=[POST],produces=[application/json;charset=UTF-8]}" onto public com.shop.domain.BaseResp<java.lang.String> com.shop.controller.UploadController.uploadData()
2018-06-25 19:35:45,471  INFO RequestMappingHandlerMapping:543 - Mapped "{[/user/regUser],methods=[POST],produces=[application/json;charset=UTF-8]}" onto public com.shop.domain.BaseResp com.shop.controller.UserController.regUser(com.shop.domain.user.RegUserReq)
2018-06-25 19:35:45,471  INFO RequestMappingHandlerMapping:543 - Mapped "{[/user/getUser],methods=[POST],produces=[application/json;charset=UTF-8]}" onto public com.shop.domain.BaseResp<com.shop.model.user.User> com.shop.controller.UserController.getUser(com.shop.domain.user.GetUserReq)
2018-06-25 19:35:45,471  INFO RequestMappingHandlerMapping:543 - Mapped "{[/user/forgetPwd],methods=[POST],produces=[application/json;charset=UTF-8]}" onto public com.shop.domain.BaseResp com.shop.controller.UserController.forgetPwd(com.shop.domain.user.ForgetPwdReq)
2018-06-25 19:35:45,471  INFO RequestMappingHandlerMapping:543 - Mapped "{[/user/resetPwd],methods=[POST],produces=[application/json;charset=UTF-8]}" onto public com.shop.domain.BaseResp com.shop.controller.UserController.resetPwd(com.shop.domain.user.ResetPwdReq)
2018-06-25 19:35:45,471  INFO RequestMappingHandlerMapping:543 - Mapped "{[/user/editUser],methods=[POST],produces=[application/json;charset=UTF-8]}" onto public com.shop.domain.BaseResp<com.shop.model.user.User> com.shop.controller.UserController.editUser(com.shop.domain.user.EditUserReq)
2018-06-25 19:35:45,481  INFO RequestMappingHandlerMapping:543 - Mapped "{[/error]}" onto public org.springframework.http.ResponseEntity<java.util.Map<java.lang.String, java.lang.Object>> org.springframework.boot.autoconfigure.web.BasicErrorController.error(javax.servlet.http.HttpServletRequest)
2018-06-25 19:35:45,481  INFO RequestMappingHandlerMapping:543 - Mapped "{[/error],produces=[text/html]}" onto public org.springframework.web.servlet.ModelAndView org.springframework.boot.autoconfigure.web.BasicErrorController.errorHtml(javax.servlet.http.HttpServletRequest,javax.servlet.http.HttpServletResponse)
2018-06-25 19:35:45,531  INFO SimpleUrlHandlerMapping:362 - Mapped URL path [/webjars/**] onto handler of type [class org.springframework.web.servlet.resource.ResourceHttpRequestHandler]
2018-06-25 19:35:45,531  INFO SimpleUrlHandlerMapping:362 - Mapped URL path [/**] onto handler of type [class org.springframework.web.servlet.resource.ResourceHttpRequestHandler]
2018-06-25 19:35:45,591  INFO SimpleUrlHandlerMapping:362 - Mapped URL path [/**/favicon.ico] onto handler of type [class org.springframework.web.servlet.resource.ResourceHttpRequestHandler]
2018-06-25 19:35:45,631  WARN AbstractTemplateResolverConfiguration:60 - Cannot find template location: classpath:/templates/ (please add some templates or check your Thymeleaf configuration)
2018-06-25 19:35:46,416  INFO AnnotationMBeanExporter:431 - Registering beans for JMX exposure on startup
2018-06-25 19:35:46,490  INFO TomcatEmbeddedServletContainer:201 - Tomcat started on port(s): 8080 (http)
2018-06-25 19:35:46,490  INFO ShopApplication:57 - Started ShopApplication in 4.552 seconds (JVM running for 5.498)
2018-06-25 19:37:27,986  INFO DispatcherServlet:489 - FrameworkServlet 'dispatcherServlet': initialization started
2018-06-25 19:37:28,011  INFO DispatcherServlet:508 - FrameworkServlet 'dispatcherServlet': initialization completed in 25 ms
2018-06-25 19:40:56,464  INFO ShopApplication:15 - OK
2018-06-25 19:40:56,875  INFO ShopApplication:48 - Starting ShopApplication on SKY-20180512VUM with PID 10224 (F:\Program\Intellij_Project\ShopProject_Master\target\classes started by Administrator in F:\Program\Intellij_Project\ShopProject_Master)
2018-06-25 19:40:56,875  INFO ShopApplication:593 - No active profile set, falling back to default profiles: default
2018-06-25 19:40:56,997  INFO Version:30 - HV000001: Hibernate Validator 5.3.6.Final
2018-06-25 19:40:57,081  INFO AnnotationConfigEmbeddedWebApplicationContext:583 - Refreshing org.springframework.boot.context.embedded.AnnotationConfigEmbeddedWebApplicationContext@2b40ff9c: startup date [Mon Jun 25 19:40:57 CST 2018]; root of context hierarchy
2018-06-25 19:40:57,548  INFO DefaultListableBeanFactory:828 - Overriding bean definition for bean 'corsFilter' with a different definition: replacing [Generic bean: class [com.shop.config.CorsFilter]; scope=singleton; abstract=false; lazyInit=false; autowireMode=0; dependencyCheck=0; autowireCandidate=true; primary=false; factoryBeanName=null; factoryMethodName=null; initMethodName=null; destroyMethodName=null; defined in file [F:\Program\Intellij_Project\ShopProject_Master\target\classes\com\shop\config\CorsFilter.class]] with [Root bean: class [null]; scope=; abstract=false; lazyInit=false; autowireMode=3; dependencyCheck=0; autowireCandidate=true; primary=false; factoryBeanName=corsConfig; factoryMethodName=corsFilter; initMethodName=null; destroyMethodName=(inferred); defined in class path resource [com/shop/config/CorsConfig.class]]
2018-06-25 19:40:58,536  INFO TomcatEmbeddedServletContainer:89 - Tomcat initialized with port(s): 8080 (http)
2018-06-25 19:40:58,720  INFO ContextLoader:276 - Root WebApplicationContext: initialization completed in 1641 ms
2018-06-25 19:40:58,972  INFO ServletRegistrationBean:190 - Mapping servlet: 'dispatcherServlet' to [/]
2018-06-25 19:40:58,977  INFO FilterRegistrationBean:258 - Mapping filter: 'characterEncodingFilter' to: [/*]
2018-06-25 19:40:58,978  INFO FilterRegistrationBean:258 - Mapping filter: 'hiddenHttpMethodFilter' to: [/*]
2018-06-25 19:40:58,978  INFO FilterRegistrationBean:258 - Mapping filter: 'httpPutFormContentFilter' to: [/*]
2018-06-25 19:40:58,978  INFO FilterRegistrationBean:258 - Mapping filter: 'requestContextFilter' to: [/*]
2018-06-25 19:40:58,979  INFO FilterRegistrationBean:258 - Mapping filter: 'corsFilter' to: [/*]
2018-06-25 19:40:59,863  INFO RequestMappingHandlerAdapter:534 - Looking for @ControllerAdvice: org.springframework.boot.context.embedded.AnnotationConfigEmbeddedWebApplicationContext@2b40ff9c: startup date [Mon Jun 25 19:40:57 CST 2018]; root of context hierarchy
2018-06-25 19:40:59,922  INFO RequestMappingHandlerMapping:543 - Mapped "{[/cart/addCart],methods=[POST],produces=[application/json;charset=UTF-8]}" onto public com.shop.domain.BaseResp<java.lang.Integer> com.shop.controller.CartController.addCartGoods(com.shop.domain.cart.AddCartReq)
2018-06-25 19:40:59,924  INFO RequestMappingHandlerMapping:543 - Mapped "{[/cart/deleteCart],methods=[POST],produces=[application/json;charset=UTF-8]}" onto public com.shop.domain.BaseResp com.shop.controller.CartController.deleteCartGoods(com.shop.domain.cart.DeleteCartReq)
2018-06-25 19:40:59,925  INFO RequestMappingHandlerMapping:543 - Mapped "{[/cart/getCart],methods=[POST],produces=[application/json;charset=UTF-8]}" onto public com.shop.domain.cart.CartResp com.shop.controller.CartController.getCartGoods()
2018-06-25 19:40:59,926  INFO RequestMappingHandlerMapping:543 - Mapped "{[/cart/submitCart],methods=[POST],produces=[application/json;charset=UTF-8]}" onto public com.shop.domain.BaseResp<java.lang.Integer> com.shop.controller.CartController.submitCart(com.shop.domain.cart.SubmitCartReq)
2018-06-25 19:40:59,927  INFO RequestMappingHandlerMapping:543 - Mapped "{[/cate/getCateGorys],methods=[POST],produces=[application/json;charset=UTF-8]}" onto public com.shop.domain.category.GateGorysResp com.shop.controller.CateGoryController.getCatesGory(com.shop.domain.category.GetCateCoryReq)
2018-06-25 19:40:59,928  INFO RequestMappingHandlerMapping:543 - Mapped "{[/cate/getCateGoryp],methods=[POST],produces=[application/json;charset=UTF-8]}" onto public com.shop.domain.BaseResp<java.util.List<com.shop.model.category.CateGoryp>> com.shop.controller.CateGoryController.getCatepGory()
2018-06-25 19:40:59,929  INFO RequestMappingHandlerMapping:543 - Mapped "{[/ftpupload],methods=[POST]}" onto public com.shop.domain.BaseResp<com.shop.model.ftp.FtpInfo> com.shop.controller.FtpFileUploadController.uploadImg(org.springframework.web.multipart.MultipartFile,javax.servlet.http.HttpServletRequest) throws java.io.IOException
2018-06-25 19:40:59,931  INFO RequestMappingHandlerMapping:543 - Mapped "{[/goods/getGoodsInfo],methods=[POST],produces=[application/json;charset=UTF-8]}" onto public com.shop.domain.BaseResp<java.util.List<com.shop.model.goods.GoodsInfo>> com.shop.controller.GoodsController.getGoodsInfo(com.shop.domain.goods.GetGoodsInfoReq)
2018-06-25 19:40:59,932  INFO RequestMappingHandlerMapping:543 - Mapped "{[/goods/getGoodsKeyWord],methods=[POST],produces=[application/json;charset=UTF-8]}" onto public com.shop.domain.BaseResp<java.util.List<com.shop.model.goods.GoodsInfo>> com.shop.controller.GoodsController.getGoodsKeyWord(com.shop.domain.goods.GetGoodsKeyWordReq)
2018-06-25 19:40:59,933  INFO RequestMappingHandlerMapping:543 - Mapped "{[/goods/getGoodsDetail],methods=[POST],produces=[application/json;charset=UTF-8]}" onto public com.shop.domain.BaseResp<com.shop.model.goods.GoodsInfo> com.shop.controller.GoodsController.getGoodsDetail(com.shop.domain.goods.GetGoodsDetailReq)
2018-06-25 19:40:59,934  INFO RequestMappingHandlerMapping:543 - Mapped "{[/message/getMessage],methods=[POST || GET],produces=[application/json;charset=UTF-8]}" onto public com.shop.model.msg.MsgInfoResp com.shop.controller.MsgController.getMessage(com.shop.domain.msg.GetMsgReq)
2018-06-25 19:40:59,935  INFO RequestMappingHandlerMapping:543 - Mapped "{[/message/updateMessage],methods=[POST],produces=[application/json;charset=UTF-8]}" onto public com.shop.domain.BaseResp com.shop.controller.MsgController.updateMessage(com.shop.domain.msg.UpdateMsgReq)
2018-06-25 19:40:59,935  INFO RequestMappingHandlerMapping:543 - Mapped "{[/message/deleteMessage],methods=[POST],produces=[application/json;charset=UTF-8]}" onto public com.shop.domain.BaseResp com.shop.controller.MsgController.deleteMessage(com.shop.domain.domain.msg.DeleteMsgReq)
2018-06-25 19:40:59,958  INFO RequestMappingHandlerMapping:543 - Mapped "{[/order/getOrderById],methods=[GET || POST],produces=[application/json;charset=UTF-8]}" onto public com.shop.domain.BaseResp<com.shop.model.order.Orders> com.shop.controller.OrderController.getOrder(com.shop.domain.order.OrderByIdReq)
2018-06-25 19:40:59,959  INFO RequestMappingHandlerMapping:543 - Mapped "{[/order/submitOrder],methods=[GET || POST],produces=[application/json;charset=UTF-8]}" onto public com.shop.domain.BaseResp com.shop.controller.OrderController.submitOrder(com.shop.domain.order.SubmitOrderReq)
2018-06-25 19:40:59,960  INFO RequestMappingHandlerMapping:543 - Mapped "{[/order/getOrderList],methods=[GET || POST],produces=[application/json;charset=UTF-8]}" onto public com.shop.model.order.OrderResp com.shop.controller.OrderController.getOrderList(com.shop.domain.order.GetAllOrderReq)
2018-06-25 19:40:59,960  INFO RequestMappingHandlerMapping:543 - Mapped "{[/order/confirmOrder],methods=[GET || POST],produces=[application/json;charset=UTF-8]}" onto public com.shop.domain.BaseResp com.shop.controller.OrderController.confirmOrder(com.shop.domain.order.ConfrimOrderReq)
2018-06-25 19:40:59,960  INFO RequestMappingHandlerMapping:543 - Mapped "{[/order/payOrder],methods=[GET || POST],produces=[application/json;charset=UTF-8]}" onto public com.shop.domain.BaseResp com.shop.controller.OrderController.payOrder(com.shop.domain.order.PayOrderReq)
2018-06-25 19:40:59,961  INFO RequestMappingHandlerMapping:543 - Mapped "{[/order/cancelOrder],methods=[GET || POST],produces=[application/json;charset=UTF-8]}" onto public com.shop.domain.BaseResp com.shop.controller.OrderController.cancelOrder(com.shop.domain.order.CancelOrderReq)
2018-06-25 19:40:59,962  INFO RequestMappingHandlerMapping:543 - Mapped "{[/pay/getPaySign],methods=[POST],produces=[application/json;charset=UTF-8]}" onto public com.shop.domain.BaseResp<java.lang.String> com.shop.controller.PayController.getPaySign(com.shop.domain.pay.GetSignReq)
2018-06-25 19:40:59,963  INFO RequestMappingHandlerMapping:543 - Mapped "{[/ship/getShipList],methods=[POST || GET],produces=[application/json;charset=UTF-8]}" onto public com.shop.domain.ship.ShipAddreResp com.shop.controller.ShipController.getShipAddre()
2018-06-25 19:40:59,963  INFO RequestMappingHandlerMapping:543 - Mapped "{[/ship/addShip],methods=[POST || GET],produces=[application/json;charset=UTF-8]}" onto public com.shop.domain.BaseResp com.shop.controller.ShipController.addShipAddre(com.shop.domain.ship.AddShipAddreReq)
2018-06-25 19:40:59,964  INFO RequestMappingHandlerMapping:543 - Mapped "{[/ship/editShip],methods=[POST || GET],produces=[application/json;charset=UTF-8]}" onto public com.shop.domain.BaseResp com.shop.controller.ShipController.updateShip(com.shop.domain.ship.EditShipAddreReq)
2018-06-25 19:40:59,964  INFO RequestMappingHandlerMapping:543 - Mapped "{[/ship/deleteShip],methods=[POST || GET],produces=[application/json;charset=UTF-8]}" onto public com.shop.domain.BaseResp com.shop.controller.ShipController.deleteShip(com.shop.domain.ship.DeleteShipAddreReq)
2018-06-25 19:40:59,965  INFO RequestMappingHandlerMapping:543 - Mapped "{[/common/getUploadToken],methods=[POST],produces=[application/json;charset=UTF-8]}" onto public com.shop.domain.BaseResp<java.lang.String> com.shop.controller.UploadController.uploadData()
2018-06-25 19:40:59,974  INFO RequestMappingHandlerMapping:543 - Mapped "{[/user/regUser],methods=[POST],produces=[application/json;charset=UTF-8]}" onto public com.shop.domain.BaseResp com.shop.controller.UserController.regUser(com.shop.domain.user.RegUserReq)
2018-06-25 19:40:59,975  INFO RequestMappingHandlerMapping:543 - Mapped "{[/user/getUser],methods=[POST],produces=[application/json;charset=UTF-8]}" onto public com.shop.domain.BaseResp<com.shop.model.user.User> com.shop.controller.UserController.getUser(com.shop.domain.user.GetUserReq)
2018-06-25 19:40:59,975  INFO RequestMappingHandlerMapping:543 - Mapped "{[/user/forgetPwd],methods=[POST],produces=[application/json;charset=UTF-8]}" onto public com.shop.domain.BaseResp com.shop.controller.UserController.forgetPwd(com.shop.domain.user.ForgetPwdReq)
2018-06-25 19:40:59,976  INFO RequestMappingHandlerMapping:543 - Mapped "{[/user/resetPwd],methods=[POST],produces=[application/json;charset=UTF-8]}" onto public com.shop.domain.BaseResp com.shop.controller.UserController.resetPwd(com.shop.domain.user.ResetPwdReq)
2018-06-25 19:40:59,976  INFO RequestMappingHandlerMapping:543 - Mapped "{[/user/editUser],methods=[POST],produces=[application/json;charset=UTF-8]}" onto public com.shop.domain.BaseResp<com.shop.model.user.User> com.shop.controller.UserController.editUser(com.shop.domain.user.EditUserReq)
2018-06-25 19:40:59,978  INFO RequestMappingHandlerMapping:543 - Mapped "{[/error]}" onto public org.springframework.http.ResponseEntity<java.util.Map<java.lang.String, java.lang.Object>> org.springframework.boot.autoconfigure.web.BasicErrorController.error(javax.servlet.http.HttpServletRequest)
2018-06-25 19:40:59,979  INFO RequestMappingHandlerMapping:543 - Mapped "{[/error],produces=[text/html]}" onto public org.springframework.web.servlet.ModelAndView org.springframework.boot.autoconfigure.web.BasicErrorController.errorHtml(javax.servlet.http.HttpServletRequest,javax.servlet.http.HttpServletResponse)
2018-06-25 19:41:00,027  INFO SimpleUrlHandlerMapping:362 - Mapped URL path [/webjars/**] onto handler of type [class org.springframework.web.servlet.resource.ResourceHttpRequestHandler]
2018-06-25 19:41:00,028  INFO SimpleUrlHandlerMapping:362 - Mapped URL path [/**] onto handler of type [class org.springframework.web.servlet.resource.ResourceHttpRequestHandler]
2018-06-25 19:41:00,197  INFO SimpleUrlHandlerMapping:362 - Mapped URL path [/**/favicon.ico] onto handler of type [class org.springframework.web.servlet.resource.ResourceHttpRequestHandler]
2018-06-25 19:41:00,230  WARN AbstractTemplateResolverConfiguration:60 - Cannot find template location: classpath:/templates/ (please add some templates or check your Thymeleaf configuration)
2018-06-25 19:41:00,767  INFO AnnotationMBeanExporter:431 - Registering beans for JMX exposure on startup
2018-06-25 19:41:00,824  INFO TomcatEmbeddedServletContainer:201 - Tomcat started on port(s): 8080 (http)
2018-06-25 19:41:00,828  INFO ShopApplication:57 - Started ShopApplication in 4.237 seconds (JVM running for 6.572)
2018-06-25 19:41:22,490  INFO DispatcherServlet:489 - FrameworkServlet 'dispatcherServlet': initialization started
2018-06-25 19:41:22,514  INFO DispatcherServlet:508 - FrameworkServlet 'dispatcherServlet': initialization completed in 24 ms
2018-06-25 19:44:00,256  INFO NativeHttpClient:55 - Created instance with connectionTimeout 5,000, readTimeout 30,000, maxRetryTimes 3, SSL Version TLS
2018-06-25 19:44:00,660  INFO NativeHttpClient:55 - Created instance with connectionTimeout 5,000, readTimeout 30,000, maxRetryTimes 3, SSL Version TLS
2018-06-25 19:44:00,661  INFO NativeHttpClient:55 - Created instance with connectionTimeout 5,000, readTimeout 30,000, maxRetryTimes 3, SSL Version TLS
2018-06-25 19:44:00,663  INFO NativeHttpClient:55 - Created instance with connectionTimeout 5,000, readTimeout 30,000, maxRetryTimes 3, SSL Version TLS
